Analysis & Synthesis report for NumbLock
Tue Oct  4 19:28:00 2022
Quartus Prime Version 21.1.1 Build 850 06/23/2022 SJ Lite Edition


---------------------
; Table of Contents ;
---------------------
  1. Legal Notice
  2. Analysis & Synthesis Summary
  3. Analysis & Synthesis Settings
  4. Parallel Compilation
  5. Analysis & Synthesis Source Files Read
  6. Analysis & Synthesis Resource Usage Summary
  7. Analysis & Synthesis Resource Utilization by Entity
  8. General Register Statistics
  9. Inverted Register Statistics
 10. Multiplexer Restructuring Statistics (Restructuring Performed)
 11. Parameter Settings for User Entity Instance: seg_scan:inst3
 12. Parameter Settings for User Entity Instance: 7485:inst15
 13. Parameter Settings for User Entity Instance: 74161:inst4
 14. Parameter Settings for User Entity Instance: ax_debounce:inst
 15. Parameter Settings for User Entity Instance: 7485:inst16
 16. Parameter Settings for User Entity Instance: 74161:inst6
 17. Parameter Settings for User Entity Instance: ax_debounce:inst12
 18. Parameter Settings for User Entity Instance: 7485:inst17
 19. Parameter Settings for User Entity Instance: 74161:inst8
 20. Parameter Settings for User Entity Instance: ax_debounce:inst13
 21. Post-Synthesis Netlist Statistics for Top Partition
 22. Elapsed Time Per Partition
 23. Analysis & Synthesis Messages



----------------
; Legal Notice ;
----------------
Copyright (C) 2022  Intel Corporation. All rights reserved.
Your use of Intel Corporation's design tools, logic functions 
and other software and tools, and any partner logic 
functions, and any output files from any of the foregoing 
(including device programming or simulation files), and any 
associated documentation or information are expressly subject 
to the terms and conditions of the Intel Program License 
Subscription Agreement, the Intel Quartus Prime License Agreement,
the Intel FPGA IP License Agreement, or other applicable license
agreement, including, without limitation, that your use is for
the sole purpose of programming logic devices manufactured by
Intel and sold by Intel or its authorized distributors.  Please
refer to the applicable agreement for further details, at
https://fpgasoftware.intel.com/eula.



+----------------------------------------------------------------------------------+
; Analysis & Synthesis Summary                                                     ;
+------------------------------------+---------------------------------------------+
; Analysis & Synthesis Status        ; Successful - Tue Oct  4 19:28:00 2022       ;
; Quartus Prime Version              ; 21.1.1 Build 850 06/23/2022 SJ Lite Edition ;
; Revision Name                      ; NumbLock                                    ;
; Top-level Entity Name              ; NumbLock                                    ;
; Family                             ; Cyclone IV E                                ;
; Total logic elements               ; 362                                         ;
;     Total combinational functions  ; 353                                         ;
;     Dedicated logic registers      ; 172                                         ;
; Total registers                    ; 172                                         ;
; Total pins                         ; 18                                          ;
; Total virtual pins                 ; 0                                           ;
; Total memory bits                  ; 0                                           ;
; Embedded Multiplier 9-bit elements ; 0                                           ;
; Total PLLs                         ; 0                                           ;
+------------------------------------+---------------------------------------------+


+------------------------------------------------------------------------------------------------------------+
; Analysis & Synthesis Settings                                                                              ;
+------------------------------------------------------------------+--------------------+--------------------+
; Option                                                           ; Setting            ; Default Value      ;
+------------------------------------------------------------------+--------------------+--------------------+
; Device                                                           ; EP4CE6F17C8        ;                    ;
; Top-level entity name                                            ; NumbLock           ; NumbLock           ;
; Family name                                                      ; Cyclone IV E       ; Cyclone V          ;
; Use smart compilation                                            ; Off                ; Off                ;
; Enable parallel Assembler and Timing Analyzer during compilation ; On                 ; On                 ;
; Enable compact report table                                      ; Off                ; Off                ;
; Restructure Multiplexers                                         ; Auto               ; Auto               ;
; Create Debugging Nodes for IP Cores                              ; Off                ; Off                ;
; Preserve fewer node names                                        ; On                 ; On                 ;
; Intel FPGA IP Evaluation Mode                                    ; Enable             ; Enable             ;
; Verilog Version                                                  ; Verilog_2001       ; Verilog_2001       ;
; VHDL Version                                                     ; VHDL_1993          ; VHDL_1993          ;
; State Machine Processing                                         ; Auto               ; Auto               ;
; Safe State Machine                                               ; Off                ; Off                ;
; Extract Verilog State Machines                                   ; On                 ; On                 ;
; Extract VHDL State Machines                                      ; On                 ; On                 ;
; Ignore Verilog initial constructs                                ; Off                ; Off                ;
; Iteration limit for constant Verilog loops                       ; 5000               ; 5000               ;
; Iteration limit for non-constant Verilog loops                   ; 250                ; 250                ;
; Add Pass-Through Logic to Inferred RAMs                          ; On                 ; On                 ;
; Infer RAMs from Raw Logic                                        ; On                 ; On                 ;
; Parallel Synthesis                                               ; On                 ; On                 ;
; DSP Block Balancing                                              ; Auto               ; Auto               ;
; NOT Gate Push-Back                                               ; On                 ; On                 ;
; Power-Up Don't Care                                              ; On                 ; On                 ;
; Remove Redundant Logic Cells                                     ; Off                ; Off                ;
; Remove Duplicate Registers                                       ; On                 ; On                 ;
; Ignore CARRY Buffers                                             ; Off                ; Off                ;
; Ignore CASCADE Buffers                                           ; Off                ; Off                ;
; Ignore GLOBAL Buffers                                            ; Off                ; Off                ;
; Ignore ROW GLOBAL Buffers                                        ; Off                ; Off                ;
; Ignore LCELL Buffers                                             ; Off                ; Off                ;
; Ignore SOFT Buffers                                              ; On                 ; On                 ;
; Limit AHDL Integers to 32 Bits                                   ; Off                ; Off                ;
; Optimization Technique                                           ; Balanced           ; Balanced           ;
; Carry Chain Length                                               ; 70                 ; 70                 ;
; Auto Carry Chains                                                ; On                 ; On                 ;
; Auto Open-Drain Pins                                             ; On                 ; On                 ;
; Perform WYSIWYG Primitive Resynthesis                            ; Off                ; Off                ;
; Auto ROM Replacement                                             ; On                 ; On                 ;
; Auto RAM Replacement                                             ; On                 ; On                 ;
; Auto DSP Block Replacement                                       ; On                 ; On                 ;
; Auto Shift Register Replacement                                  ; Auto               ; Auto               ;
; Allow Shift Register Merging across Hierarchies                  ; Auto               ; Auto               ;
; Auto Clock Enable Replacement                                    ; On                 ; On                 ;
; Strict RAM Replacement                                           ; Off                ; Off                ;
; Allow Synchronous Control Signals                                ; On                 ; On                 ;
; Force Use of Synchronous Clear Signals                           ; Off                ; Off                ;
; Auto RAM Block Balancing                                         ; On                 ; On                 ;
; Auto RAM to Logic Cell Conversion                                ; Off                ; Off                ;
; Auto Resource Sharing                                            ; Off                ; Off                ;
; Allow Any RAM Size For Recognition                               ; Off                ; Off                ;
; Allow Any ROM Size For Recognition                               ; Off                ; Off                ;
; Allow Any Shift Register Size For Recognition                    ; Off                ; Off                ;
; Use LogicLock Constraints during Resource Balancing              ; On                 ; On                 ;
; Ignore translate_off and synthesis_off directives                ; Off                ; Off                ;
; Timing-Driven Synthesis                                          ; On                 ; On                 ;
; Report Parameter Settings                                        ; On                 ; On                 ;
; Report Source Assignments                                        ; On                 ; On                 ;
; Report Connectivity Checks                                       ; On                 ; On                 ;
; Ignore Maximum Fan-Out Assignments                               ; Off                ; Off                ;
; Synchronization Register Chain Length                            ; 2                  ; 2                  ;
; Power Optimization During Synthesis                              ; Normal compilation ; Normal compilation ;
; HDL message level                                                ; Level2             ; Level2             ;
; Suppress Register Optimization Related Messages                  ; Off                ; Off                ;
; Number of Removed Registers Reported in Synthesis Report         ; 5000               ; 5000               ;
; Number of Swept Nodes Reported in Synthesis Report               ; 5000               ; 5000               ;
; Number of Inverted Registers Reported in Synthesis Report        ; 100                ; 100                ;
; Clock MUX Protection                                             ; On                 ; On                 ;
; Auto Gated Clock Conversion                                      ; Off                ; Off                ;
; Block Design Naming                                              ; Auto               ; Auto               ;
; SDC constraint protection                                        ; Off                ; Off                ;
; Synthesis Effort                                                 ; Auto               ; Auto               ;
; Shift Register Replacement - Allow Asynchronous Clear Signal     ; On                 ; On                 ;
; Pre-Mapping Resynthesis Optimization                             ; Off                ; Off                ;
; Analysis & Synthesis Message Level                               ; Medium             ; Medium             ;
; Disable Register Merging Across Hierarchies                      ; Auto               ; Auto               ;
; Resource Aware Inference For Block RAM                           ; On                 ; On                 ;
+------------------------------------------------------------------+--------------------+--------------------+


+------------------------------------------+
; Parallel Compilation                     ;
+----------------------------+-------------+
; Processors                 ; Number      ;
+----------------------------+-------------+
; Number detected on machine ; 20          ;
; Maximum allowed            ; 12          ;
;                            ;             ;
; Average used               ; 1.00        ;
; Maximum used               ; 12          ;
;                            ;             ;
; Usage by Processor         ; % Time Used ;
;     Processor 1            ; 100.0%      ;
;     Processors 2-12        ;   0.0%      ;
+----------------------------+-------------+


+-------------------------------------------------------------------------------------------------------------------------------------------------------------------------+
; Analysis & Synthesis Source Files Read                                                                                                                                  ;
+----------------------------------+-----------------+------------------------------------+---------------------------------------------------------------------+---------+
; File Name with User-Entered Path ; Used in Netlist ; File Type                          ; File Name with Absolute Path                                        ; Library ;
+----------------------------------+-----------------+------------------------------------+---------------------------------------------------------------------+---------+
; src/seg_decoder.v                ; yes             ; User Verilog HDL File              ; C:/Users/yccd/Desktop/AX301/MyDemo/NumbLock/src/seg_decoder.v       ;         ;
; src/debounce.v                   ; yes             ; User Verilog HDL File              ; C:/Users/yccd/Desktop/AX301/MyDemo/NumbLock/src/debounce.v          ;         ;
; src/scan.v                       ; yes             ; User Verilog HDL File              ; C:/Users/yccd/Desktop/AX301/MyDemo/NumbLock/src/scan.v              ;         ;
; NumbLock.bdf                     ; yes             ; User Block Diagram/Schematic File  ; C:/Users/yccd/Desktop/AX301/MyDemo/NumbLock/NumbLock.bdf            ;         ;
; src/plus7449.v                   ; yes             ; User Verilog HDL File              ; C:/Users/yccd/Desktop/AX301/MyDemo/NumbLock/src/plus7449.v          ;         ;
; 74157.bdf                        ; yes             ; Megafunction                       ; a:/intelfpga_lite/21.1/quartus/libraries/others/maxplus2/74157.bdf  ;         ;
; 7485.tdf                         ; yes             ; Megafunction                       ; a:/intelfpga_lite/21.1/quartus/libraries/others/maxplus2/7485.tdf   ;         ;
; aglobal.inc                      ; yes             ; Megafunction                       ; a:/intelfpga_lite/21.1/quartus/libraries/megafunctions/aglobal.inc  ;         ;
; f7485.bdf                        ; yes             ; Megafunction                       ; a:/intelfpga_lite/21.1/quartus/libraries/others/maxplus2/f7485.bdf  ;         ;
; 74161.tdf                        ; yes             ; Megafunction                       ; a:/intelfpga_lite/21.1/quartus/libraries/others/maxplus2/74161.tdf  ;         ;
; f74161.bdf                       ; yes             ; Megafunction                       ; a:/intelfpga_lite/21.1/quartus/libraries/others/maxplus2/f74161.bdf ;         ;
; 7449.bdf                         ; yes             ; Megafunction                       ; a:/intelfpga_lite/21.1/quartus/libraries/others/maxplus2/7449.bdf   ;         ;
+----------------------------------+-----------------+------------------------------------+---------------------------------------------------------------------+---------+


+---------------------------------------------------------+
; Analysis & Synthesis Resource Usage Summary             ;
+---------------------------------------------+-----------+
; Resource                                    ; Usage     ;
+---------------------------------------------+-----------+
; Estimated Total logic elements              ; 362       ;
;                                             ;           ;
; Total combinational functions               ; 353       ;
; Logic element usage by number of LUT inputs ;           ;
;     -- 4 input functions                    ; 101       ;
;     -- 3 input functions                    ; 108       ;
;     -- <=2 input functions                  ; 144       ;
;                                             ;           ;
; Logic elements by mode                      ;           ;
;     -- normal mode                          ; 229       ;
;     -- arithmetic mode                      ; 124       ;
;                                             ;           ;
; Total registers                             ; 172       ;
;     -- Dedicated logic registers            ; 172       ;
;     -- I/O registers                        ; 0         ;
;                                             ;           ;
; I/O pins                                    ; 18        ;
;                                             ;           ;
; Embedded Multiplier 9-bit elements          ; 0         ;
;                                             ;           ;
; Maximum fan-out node                        ; clk~input ;
; Maximum fan-out                             ; 160       ;
; Total fan-out                               ; 1479      ;
; Average fan-out                             ; 2.64      ;
+---------------------------------------------+-----------+


+-----------------------------------------------------------------------------------------------------------------------------------------------------------------------------------------------------------------------+
; Analysis & Synthesis Resource Utilization by Entity                                                                                                                                                                   ;
+----------------------------+---------------------+---------------------------+-------------+--------------+---------+-----------+------+--------------+----------------------------------+-------------+--------------+
; Compilation Hierarchy Node ; Combinational ALUTs ; Dedicated Logic Registers ; Memory Bits ; DSP Elements ; DSP 9x9 ; DSP 18x18 ; Pins ; Virtual Pins ; Full Hierarchy Name              ; Entity Name ; Library Name ;
+----------------------------+---------------------+---------------------------+-------------+--------------+---------+-----------+------+--------------+----------------------------------+-------------+--------------+
; |NumbLock                  ; 353 (0)             ; 172 (0)                   ; 0           ; 0            ; 0       ; 0         ; 18   ; 0            ; |NumbLock                        ; NumbLock    ; work         ;
;    |74161:inst4|           ; 3 (0)               ; 4 (0)                     ; 0           ; 0            ; 0       ; 0         ; 0    ; 0            ; |NumbLock|74161:inst4            ; 74161       ; work         ;
;       |f74161:sub|         ; 3 (3)               ; 4 (4)                     ; 0           ; 0            ; 0       ; 0         ; 0    ; 0            ; |NumbLock|74161:inst4|f74161:sub ; f74161      ; work         ;
;    |74161:inst6|           ; 4 (0)               ; 4 (0)                     ; 0           ; 0            ; 0       ; 0         ; 0    ; 0            ; |NumbLock|74161:inst6            ; 74161       ; work         ;
;       |f74161:sub|         ; 4 (4)               ; 4 (4)                     ; 0           ; 0            ; 0       ; 0         ; 0    ; 0            ; |NumbLock|74161:inst6|f74161:sub ; f74161      ; work         ;
;    |74161:inst8|           ; 4 (0)               ; 4 (0)                     ; 0           ; 0            ; 0       ; 0         ; 0    ; 0            ; |NumbLock|74161:inst8            ; 74161       ; work         ;
;       |f74161:sub|         ; 4 (4)               ; 4 (4)                     ; 0           ; 0            ; 0       ; 0         ; 0    ; 0            ; |NumbLock|74161:inst8|f74161:sub ; f74161      ; work         ;
;    |7449:inst29|           ; 4 (4)               ; 0 (0)                     ; 0           ; 0            ; 0       ; 0         ; 0    ; 0            ; |NumbLock|7449:inst29            ; 7449        ; work         ;
;    |7485:inst15|           ; 5 (0)               ; 0 (0)                     ; 0           ; 0            ; 0       ; 0         ; 0    ; 0            ; |NumbLock|7485:inst15            ; 7485        ; work         ;
;       |f7485:sub|          ; 5 (5)               ; 0 (0)                     ; 0           ; 0            ; 0       ; 0         ; 0    ; 0            ; |NumbLock|7485:inst15|f7485:sub  ; f7485       ; work         ;
;    |7485:inst16|           ; 2 (0)               ; 0 (0)                     ; 0           ; 0            ; 0       ; 0         ; 0    ; 0            ; |NumbLock|7485:inst16            ; 7485        ; work         ;
;       |f7485:sub|          ; 2 (2)               ; 0 (0)                     ; 0           ; 0            ; 0       ; 0         ; 0    ; 0            ; |NumbLock|7485:inst16|f7485:sub  ; f7485       ; work         ;
;    |7485:inst17|           ; 2 (0)               ; 0 (0)                     ; 0           ; 0            ; 0       ; 0         ; 0    ; 0            ; |NumbLock|7485:inst17            ; 7485        ; work         ;
;       |f7485:sub|          ; 2 (2)               ; 0 (0)                     ; 0           ; 0            ; 0       ; 0         ; 0    ; 0            ; |NumbLock|7485:inst17|f7485:sub  ; f7485       ; work         ;
;    |ax_debounce:inst12|    ; 77 (77)             ; 37 (37)                   ; 0           ; 0            ; 0       ; 0         ; 0    ; 0            ; |NumbLock|ax_debounce:inst12     ; ax_debounce ; work         ;
;    |ax_debounce:inst13|    ; 77 (77)             ; 37 (37)                   ; 0           ; 0            ; 0       ; 0         ; 0    ; 0            ; |NumbLock|ax_debounce:inst13     ; ax_debounce ; work         ;
;    |ax_debounce:inst|      ; 77 (77)             ; 37 (37)                   ; 0           ; 0            ; 0       ; 0         ; 0    ; 0            ; |NumbLock|ax_debounce:inst       ; ax_debounce ; work         ;
;    |seg_decoder:inst10|    ; 7 (7)               ; 0 (0)                     ; 0           ; 0            ; 0       ; 0         ; 0    ; 0            ; |NumbLock|seg_decoder:inst10     ; seg_decoder ; work         ;
;    |seg_decoder:inst11|    ; 2 (2)               ; 0 (0)                     ; 0           ; 0            ; 0       ; 0         ; 0    ; 0            ; |NumbLock|seg_decoder:inst11     ; seg_decoder ; work         ;
;    |seg_decoder:inst9|     ; 7 (7)               ; 0 (0)                     ; 0           ; 0            ; 0       ; 0         ; 0    ; 0            ; |NumbLock|seg_decoder:inst9      ; seg_decoder ; work         ;
;    |seg_scan:inst3|        ; 82 (82)             ; 49 (49)                   ; 0           ; 0            ; 0       ; 0         ; 0    ; 0            ; |NumbLock|seg_scan:inst3         ; seg_scan    ; work         ;
+----------------------------+---------------------+---------------------------+-------------+--------------+---------+-----------+------+--------------+----------------------------------+-------------+--------------+
Note: For table entries with two numbers listed, the numbers in parentheses indicate the number of resources of the given type used by the specific entity alone. The numbers listed outside of parentheses indicate the total resources of the given type used by the specific entity and all of its sub-entities in the hierarchy.


+------------------------------------------------------+
; General Register Statistics                          ;
+----------------------------------------------+-------+
; Statistic                                    ; Value ;
+----------------------------------------------+-------+
; Total registers                              ; 172   ;
; Number of registers using Synchronous Clear  ; 32    ;
; Number of registers using Synchronous Load   ; 0     ;
; Number of registers using Asynchronous Clear ; 61    ;
; Number of registers using Asynchronous Load  ; 0     ;
; Number of registers using Clock Enable       ; 3     ;
; Number of registers using Preset             ; 0     ;
+----------------------------------------------+-------+


+---------------------------------------------------+
; Inverted Register Statistics                      ;
+-----------------------------------------+---------+
; Inverted Register                       ; Fan out ;
+-----------------------------------------+---------+
; seg_scan:inst3|seg_data[6]              ; 1       ;
; seg_scan:inst3|seg_data[5]              ; 1       ;
; seg_scan:inst3|seg_data[4]              ; 1       ;
; seg_scan:inst3|seg_data[3]              ; 1       ;
; seg_scan:inst3|seg_data[2]              ; 1       ;
; seg_scan:inst3|seg_data[1]              ; 1       ;
; seg_scan:inst3|seg_data[0]              ; 1       ;
; seg_scan:inst3|seg_sel[5]               ; 1       ;
; seg_scan:inst3|seg_sel[4]               ; 1       ;
; seg_scan:inst3|seg_sel[3]               ; 1       ;
; seg_scan:inst3|seg_sel[2]               ; 1       ;
; seg_scan:inst3|seg_sel[1]               ; 1       ;
; seg_scan:inst3|seg_sel[0]               ; 1       ;
; Total number of inverted registers = 13 ;         ;
+-----------------------------------------+---------+


+----------------------------------------------------------------------------------------------------------------------------------------------------+
; Multiplexer Restructuring Statistics (Restructuring Performed)                                                                                     ;
+--------------------+-----------+---------------+----------------------+------------------------+------------+--------------------------------------+
; Multiplexer Inputs ; Bus Width ; Baseline Area ; Area if Restructured ; Saving if Restructured ; Registered ; Example Multiplexer Output           ;
+--------------------+-----------+---------------+----------------------+------------------------+------------+--------------------------------------+
; 16:1               ; 2 bits    ; 20 LEs        ; 8 LEs                ; 12 LEs                 ; Yes        ; |NumbLock|seg_scan:inst3|seg_data[5] ;
; 16:1               ; 3 bits    ; 30 LEs        ; 9 LEs                ; 21 LEs                 ; Yes        ; |NumbLock|seg_scan:inst3|seg_data[4] ;
+--------------------+-----------+---------------+----------------------+------------------------+------------+--------------------------------------+


+-------------------------------------------------------------+
; Parameter Settings for User Entity Instance: seg_scan:inst3 ;
+----------------+----------+---------------------------------+
; Parameter Name ; Value    ; Type                            ;
+----------------+----------+---------------------------------+
; SCAN_FREQ      ; 200      ; Signed Integer                  ;
; CLK_FREQ       ; 50000000 ; Signed Integer                  ;
; SCAN_COUNT     ; 41665    ; Signed Integer                  ;
+----------------+----------+---------------------------------+
Note: In order to hide this table in the UI and the text report file, please set the "Show Parameter Settings in Synthesis Report" option in "Analysis and Synthesis Settings -> More Settings" to "Off".


+----------------------------------------------------------+
; Parameter Settings for User Entity Instance: 7485:inst15 ;
+------------------------+--------------+------------------+
; Parameter Name         ; Value        ; Type             ;
+------------------------+--------------+------------------+
; DEVICE_FAMILY          ; Cyclone IV E ; Untyped          ;
; AUTO_CARRY_CHAINS      ; ON           ; AUTO_CARRY       ;
; IGNORE_CARRY_BUFFERS   ; OFF          ; IGNORE_CARRY     ;
; AUTO_CASCADE_CHAINS    ; ON           ; AUTO_CASCADE     ;
; IGNORE_CASCADE_BUFFERS ; OFF          ; IGNORE_CASCADE   ;
+------------------------+--------------+------------------+
Note: In order to hide this table in the UI and the text report file, please set the "Show Parameter Settings in Synthesis Report" option in "Analysis and Synthesis Settings -> More Settings" to "Off".


+----------------------------------------------------------+
; Parameter Settings for User Entity Instance: 74161:inst4 ;
+------------------------+--------------+------------------+
; Parameter Name         ; Value        ; Type             ;
+------------------------+--------------+------------------+
; DEVICE_FAMILY          ; Cyclone IV E ; Untyped          ;
; AUTO_CARRY_CHAINS      ; ON           ; AUTO_CARRY       ;
; IGNORE_CARRY_BUFFERS   ; OFF          ; IGNORE_CARRY     ;
; AUTO_CASCADE_CHAINS    ; ON           ; AUTO_CASCADE     ;
; IGNORE_CASCADE_BUFFERS ; OFF          ; IGNORE_CASCADE   ;
+------------------------+--------------+------------------+
Note: In order to hide this table in the UI and the text report file, please set the "Show Parameter Settings in Synthesis Report" option in "Analysis and Synthesis Settings -> More Settings" to "Off".


+---------------------------------------------------------------+
; Parameter Settings for User Entity Instance: ax_debounce:inst ;
+----------------+-------+--------------------------------------+
; Parameter Name ; Value ; Type                                 ;
+----------------+-------+--------------------------------------+
; N              ; 32    ; Signed Integer                       ;
; FREQ           ; 50    ; Signed Integer                       ;
; MAX_TIME       ; 20    ; Signed Integer                       ;
+----------------+-------+--------------------------------------+
Note: In order to hide this table in the UI and the text report file, please set the "Show Parameter Settings in Synthesis Report" option in "Analysis and Synthesis Settings -> More Settings" to "Off".


+----------------------------------------------------------+
; Parameter Settings for User Entity Instance: 7485:inst16 ;
+------------------------+--------------+------------------+
; Parameter Name         ; Value        ; Type             ;
+------------------------+--------------+------------------+
; DEVICE_FAMILY          ; Cyclone IV E ; Untyped          ;
; AUTO_CARRY_CHAINS      ; ON           ; AUTO_CARRY       ;
; IGNORE_CARRY_BUFFERS   ; OFF          ; IGNORE_CARRY     ;
; AUTO_CASCADE_CHAINS    ; ON           ; AUTO_CASCADE     ;
; IGNORE_CASCADE_BUFFERS ; OFF          ; IGNORE_CASCADE   ;
+------------------------+--------------+------------------+
Note: In order to hide this table in the UI and the text report file, please set the "Show Parameter Settings in Synthesis Report" option in "Analysis and Synthesis Settings -> More Settings" to "Off".


+----------------------------------------------------------+
; Parameter Settings for User Entity Instance: 74161:inst6 ;
+------------------------+--------------+------------------+
; Parameter Name         ; Value        ; Type             ;
+------------------------+--------------+------------------+
; DEVICE_FAMILY          ; Cyclone IV E ; Untyped          ;
; AUTO_CARRY_CHAINS      ; ON           ; AUTO_CARRY       ;
; IGNORE_CARRY_BUFFERS   ; OFF          ; IGNORE_CARRY     ;
; AUTO_CASCADE_CHAINS    ; ON           ; AUTO_CASCADE     ;
; IGNORE_CASCADE_BUFFERS ; OFF          ; IGNORE_CASCADE   ;
+------------------------+--------------+------------------+
Note: In order to hide this table in the UI and the text report file, please set the "Show Parameter Settings in Synthesis Report" option in "Analysis and Synthesis Settings -> More Settings" to "Off".


+-----------------------------------------------------------------+
; Parameter Settings for User Entity Instance: ax_debounce:inst12 ;
+----------------+-------+----------------------------------------+
; Parameter Name ; Value ; Type                                   ;
+----------------+-------+----------------------------------------+
; N              ; 32    ; Signed Integer                         ;
; FREQ           ; 50    ; Signed Integer                         ;
; MAX_TIME       ; 20    ; Signed Integer                         ;
+----------------+-------+----------------------------------------+
Note: In order to hide this table in the UI and the text report file, please set the "Show Parameter Settings in Synthesis Report" option in "Analysis and Synthesis Settings -> More Settings" to "Off".


+----------------------------------------------------------+
; Parameter Settings for User Entity Instance: 7485:inst17 ;
+------------------------+--------------+------------------+
; Parameter Name         ; Value        ; Type             ;
+------------------------+--------------+------------------+
; DEVICE_FAMILY          ; Cyclone IV E ; Untyped          ;
; AUTO_CARRY_CHAINS      ; ON           ; AUTO_CARRY       ;
; IGNORE_CARRY_BUFFERS   ; OFF          ; IGNORE_CARRY     ;
; AUTO_CASCADE_CHAINS    ; ON           ; AUTO_CASCADE     ;
; IGNORE_CASCADE_BUFFERS ; OFF          ; IGNORE_CASCADE   ;
+------------------------+--------------+------------------+
Note: In order to hide this table in the UI and the text report file, please set the "Show Parameter Settings in Synthesis Report" option in "Analysis and Synthesis Settings -> More Settings" to "Off".


+----------------------------------------------------------+
; Parameter Settings for User Entity Instance: 74161:inst8 ;
+------------------------+--------------+------------------+
; Parameter Name         ; Value        ; Type             ;
+------------------------+--------------+------------------+
; DEVICE_FAMILY          ; Cyclone IV E ; Untyped          ;
; AUTO_CARRY_CHAINS      ; ON           ; AUTO_CARRY       ;
; IGNORE_CARRY_BUFFERS   ; OFF          ; IGNORE_CARRY     ;
; AUTO_CASCADE_CHAINS    ; ON           ; AUTO_CASCADE     ;
; IGNORE_CASCADE_BUFFERS ; OFF          ; IGNORE_CASCADE   ;
+------------------------+--------------+------------------+
Note: In order to hide this table in the UI and the text report file, please set the "Show Parameter Settings in Synthesis Report" option in "Analysis and Synthesis Settings -> More Settings" to "Off".


+-----------------------------------------------------------------+
; Parameter Settings for User Entity Instance: ax_debounce:inst13 ;
+----------------+-------+----------------------------------------+
; Parameter Name ; Value ; Type                                   ;
+----------------+-------+----------------------------------------+
; N              ; 32    ; Signed Integer                         ;
; FREQ           ; 50    ; Signed Integer                         ;
; MAX_TIME       ; 20    ; Signed Integer                         ;
+----------------+-------+----------------------------------------+
Note: In order to hide this table in the UI and the text report file, please set the "Show Parameter Settings in Synthesis Report" option in "Analysis and Synthesis Settings -> More Settings" to "Off".


+-----------------------------------------------------+
; Post-Synthesis Netlist Statistics for Top Partition ;
+-----------------------+-----------------------------+
; Type                  ; Count                       ;
+-----------------------+-----------------------------+
; boundary_port         ; 18                          ;
; cycloneiii_ff         ; 172                         ;
;     CLR               ; 26                          ;
;     CLR SCLR          ; 32                          ;
;     ENA CLR           ; 3                           ;
;     plain             ; 111                         ;
; cycloneiii_lcell_comb ; 366                         ;
;     arith             ; 124                         ;
;         2 data inputs ; 124                         ;
;     normal            ; 242                         ;
;         1 data inputs ; 21                          ;
;         2 data inputs ; 12                          ;
;         3 data inputs ; 108                         ;
;         4 data inputs ; 101                         ;
;                       ;                             ;
; Max LUT depth         ; 5.10                        ;
; Average LUT depth     ; 3.68                        ;
+-----------------------+-----------------------------+


+-------------------------------+
; Elapsed Time Per Partition    ;
+----------------+--------------+
; Partition Name ; Elapsed Time ;
+----------------+--------------+
; Top            ; 00:00:00     ;
+----------------+--------------+


+-------------------------------+
; Analysis & Synthesis Messages ;
+-------------------------------+
Info: *******************************************************************
Info: Running Quartus Prime Analysis & Synthesis
    Info: Version 21.1.1 Build 850 06/23/2022 SJ Lite Edition
    Info: Processing started: Tue Oct  4 19:27:54 2022
Info: Command: quartus_map --read_settings_files=on --write_settings_files=off NumbLock -c NumbLock
Warning (18236): Number of processors has not been specified which may cause overloading on shared machines.  Set the global assignment NUM_PARALLEL_PROCESSORS in your QSF to an appropriate value for best performance.
Info (20030): Parallel compilation is enabled and will use 12 of the 12 processors detected
Info (12021): Found 1 design units, including 1 entities, in source file src/seg_decoder.v
    Info (12023): Found entity 1: seg_decoder File: C:/Users/yccd/Desktop/AX301/MyDemo/NumbLock/src/seg_decoder.v Line: 29
Info (12021): Found 1 design units, including 1 entities, in source file src/debounce.v
    Info (12023): Found entity 1: ax_debounce File: C:/Users/yccd/Desktop/AX301/MyDemo/NumbLock/src/debounce.v Line: 31
Warning (10229): Verilog HDL Expression warning at scan.v(73): truncated literal to match 7 bits File: C:/Users/yccd/Desktop/AX301/MyDemo/NumbLock/src/scan.v Line: 73
Warning (10229): Verilog HDL Expression warning at scan.v(114): truncated literal to match 7 bits File: C:/Users/yccd/Desktop/AX301/MyDemo/NumbLock/src/scan.v Line: 114
Info (12021): Found 1 design units, including 1 entities, in source file src/scan.v
    Info (12023): Found entity 1: seg_scan File: C:/Users/yccd/Desktop/AX301/MyDemo/NumbLock/src/scan.v Line: 29
Info (12021): Found 1 design units, including 1 entities, in source file numblock.bdf
    Info (12023): Found entity 1: NumbLock
Info (12021): Found 1 design units, including 1 entities, in source file src/plus7449.v
    Info (12023): Found entity 1: plus7449 File: C:/Users/yccd/Desktop/AX301/MyDemo/NumbLock/src/plus7449.v Line: 1
Info (12127): Elaborating entity "NumbLock" for the top level hierarchy
Warning (275011): Block or symbol "ax_debounce" of instance "inst" overlaps another block or symbol
Warning (275011): Block or symbol "seg_decoder" of instance "inst9" overlaps another block or symbol
Warning (275011): Block or symbol "ax_debounce" of instance "inst13" overlaps another block or symbol
Info (12128): Elaborating entity "seg_scan" for hierarchy "seg_scan:inst3"
Info (12128): Elaborating entity "seg_decoder" for hierarchy "seg_decoder:inst11"
Info (12128): Elaborating entity "74157" for hierarchy "74157:inst19"
Info (12130): Elaborated megafunction instantiation "74157:inst19"
Info (12128): Elaborating entity "7485" for hierarchy "7485:inst15"
Info (12130): Elaborated megafunction instantiation "7485:inst15"
Info (12128): Elaborating entity "f7485" for hierarchy "7485:inst15|f7485:sub" File: a:/intelfpga_lite/21.1/quartus/libraries/others/maxplus2/7485.tdf Line: 27
Info (12131): Elaborated megafunction instantiation "7485:inst15|f7485:sub", which is child of megafunction instantiation "7485:inst15" File: a:/intelfpga_lite/21.1/quartus/libraries/others/maxplus2/7485.tdf Line: 27
Info (12128): Elaborating entity "74161" for hierarchy "74161:inst4"
Info (12130): Elaborated megafunction instantiation "74161:inst4"
Info (12128): Elaborating entity "f74161" for hierarchy "74161:inst4|f74161:sub" File: a:/intelfpga_lite/21.1/quartus/libraries/others/maxplus2/74161.tdf Line: 33
Info (12131): Elaborated megafunction instantiation "74161:inst4|f74161:sub", which is child of megafunction instantiation "74161:inst4" File: a:/intelfpga_lite/21.1/quartus/libraries/others/maxplus2/74161.tdf Line: 33
Info (12128): Elaborating entity "ax_debounce" for hierarchy "ax_debounce:inst"
Info (12128): Elaborating entity "7485" for hierarchy "7485:inst16"
Info (12130): Elaborated megafunction instantiation "7485:inst16"
Info (12128): Elaborating entity "7485" for hierarchy "7485:inst17"
Info (12130): Elaborated megafunction instantiation "7485:inst17"
Info (12128): Elaborating entity "7449" for hierarchy "7449:inst29"
Info (12130): Elaborated megafunction instantiation "7449:inst29"
Info (12128): Elaborating entity "plus7449" for hierarchy "plus7449:inst7"
Info (13014): Ignored 12 buffer(s)
    Info (13015): Ignored 9 CARRY buffer(s)
    Info (13017): Ignored 3 CASCADE buffer(s)
Info (13000): Registers with preset signals will power-up high File: C:/Users/yccd/Desktop/AX301/MyDemo/NumbLock/src/scan.v Line: 77
Info (13003): DEV_CLRn pin will set, and not reset, register with preset signal due to NOT Gate Push-Back
Info (286030): Timing-Driven Synthesis is running
Info (16010): Generating hard_block partition "hard_block:auto_generated_inst"
    Info (16011): Adding 0 node(s), including 0 DDIO, 0 PLL, 0 transceiver and 0 LCELL
Info (21057): Implemented 380 device resources after synthesis - the final resource count might be different
    Info (21058): Implemented 5 input pins
    Info (21059): Implemented 13 output pins
    Info (21061): Implemented 362 logic cells
Info: Quartus Prime Analysis & Synthesis was successful. 0 errors, 6 warnings
    Info: Peak virtual memory: 4830 megabytes
    Info: Processing ended: Tue Oct  4 19:28:00 2022
    Info: Elapsed time: 00:00:06
    Info: Total CPU time (on all processors): 00:00:13


